Wed Apr  5 18:43:06 2023 - INFO  - start to run testcase:oe_test_easymock_junit4.
Wed Apr  5 18:50:59 2023 - ERROR - The case exit by code 1.
Wed Apr  5 18:51:00 2023 - INFO  - End to run testcase:oe_test_easymock_junit4.
Wed Apr  5 18:51:01 2023 - INFO  - A total of 1 use cases were executed, with 0 successes and 1 failures.
Wed Apr  5 18:51:07 2023 - INFO  - start to run testcase:oe_test_easymock_order_abnormal.
Wed Apr  5 18:55:32 2023 - INFO  - The case exit by code 0.
Wed Apr  5 18:55:33 2023 - INFO  - End to run testcase:oe_test_easymock_order_abnormal.
Wed Apr  5 18:55:34 2023 - INFO  - A total of 1 use cases were executed, with 1 successes and 0 failures.
Wed Apr  5 18:55:39 2023 - INFO  - start to run testcase:oe_test_easymock_set_parms.
Wed Apr  5 19:00:03 2023 - INFO  - The case exit by code 0.
Wed Apr  5 19:00:04 2023 - INFO  - End to run testcase:oe_test_easymock_set_parms.
Wed Apr  5 19:00:05 2023 - INFO  - A total of 1 use cases were executed, with 1 successes and 0 failures.
Wed Apr  5 19:00:10 2023 - INFO  - start to run testcase:oe_test_easymock_spring.
Wed Apr  5 19:04:47 2023 - ERROR - The case exit by code 2.
Wed Apr  5 19:04:48 2023 - INFO  - End to run testcase:oe_test_easymock_spring.
Wed Apr  5 19:04:49 2023 - INFO  - A total of 1 use cases were executed, with 0 successes and 1 failures.
Wed Apr  5 19:04:54 2023 - INFO  - start to run testcase:oe_test_easymock_createNiceMock.
Wed Apr  5 19:09:18 2023 - INFO  - The case exit by code 0.
Wed Apr  5 19:09:19 2023 - INFO  - End to run testcase:oe_test_easymock_createNiceMock.
Wed Apr  5 19:09:20 2023 - INFO  - A total of 1 use cases were executed, with 1 successes and 0 failures.
Wed Apr  5 19:09:25 2023 - INFO  - start to run testcase:oe_test_easymock_junit5.
Wed Apr  5 19:14:31 2023 - ERROR - The case exit by code 1.
Wed Apr  5 19:14:32 2023 - INFO  - End to run testcase:oe_test_easymock_junit5.
Wed Apr  5 19:14:33 2023 - INFO  - A total of 1 use cases were executed, with 0 successes and 1 failures.
Wed Apr  5 19:14:38 2023 - INFO  - start to run testcase:oe_test_easymock_parms_abnormal.
Wed Apr  5 19:18:59 2023 - INFO  - The case exit by code 0.
Wed Apr  5 19:19:00 2023 - INFO  - End to run testcase:oe_test_easymock_parms_abnormal.
Wed Apr  5 19:19:01 2023 - INFO  - A total of 1 use cases were executed, with 1 successes and 0 failures.
Wed Apr  5 19:19:06 2023 - INFO  - start to run testcase:oe_test_easymock_simulate_interface.
Wed Apr  5 19:23:30 2023 - INFO  - The case exit by code 0.
Wed Apr  5 19:23:31 2023 - INFO  - End to run testcase:oe_test_easymock_simulate_interface.
Wed Apr  5 19:23:32 2023 - INFO  - A total of 1 use cases were executed, with 1 successes and 0 failures.
Wed Apr  5 19:23:37 2023 - INFO  - start to run testcase:oe_test_easymock_frequency_abnormal.
Wed Apr  5 19:27:59 2023 - INFO  - The case exit by code 0.
Wed Apr  5 19:28:00 2023 - INFO  - End to run testcase:oe_test_easymock_frequency_abnormal.
Wed Apr  5 19:28:01 2023 - INFO  - A total of 1 use cases were executed, with 1 successes and 0 failures.
Wed Apr  5 19:28:06 2023 - INFO  - start to run testcase:oe_test_easymock_mock_abnormal.
Wed Apr  5 19:32:28 2023 - INFO  - The case exit by code 0.
Wed Apr  5 19:32:29 2023 - INFO  - End to run testcase:oe_test_easymock_mock_abnormal.
Wed Apr  5 19:32:30 2023 - INFO  - A total of 1 use cases were executed, with 1 successes and 0 failures.
Wed Apr  5 19:32:35 2023 - INFO  - start to run testcase:oe_test_easymock_parms_match.
Wed Apr  5 19:36:58 2023 - INFO  - The case exit by code 0.
Wed Apr  5 19:36:59 2023 - INFO  - End to run testcase:oe_test_easymock_parms_match.
Wed Apr  5 19:37:00 2023 - INFO  - A total of 1 use cases were executed, with 1 successes and 0 failures.
Wed Apr  5 19:37:05 2023 - INFO  - start to run testcase:oe_test_easymock_simulate_object.
Wed Apr  5 19:42:55 2023 - INFO  - The case exit by code 0.
Wed Apr  5 19:42:56 2023 - INFO  - End to run testcase:oe_test_easymock_simulate_object.
Wed Apr  5 19:42:57 2023 - INFO  - A total of 1 use cases were executed, with 1 successes and 0 failures.
