Thu Apr  6 21:45:46 2023 - INFO  - start to run testcase:oe_test_freeradius_freeradius_raddebugAndCheckrad.
Thu Apr  6 21:59:09 2023 - ERROR - The case exit by code 8.
Thu Apr  6 21:59:10 2023 - INFO  - End to run testcase:oe_test_freeradius_freeradius_raddebugAndCheckrad.
Thu Apr  6 21:59:11 2023 - INFO  - A total of 1 use cases were executed, with 0 successes and 1 failures.
Thu Apr  6 21:59:17 2023 - INFO  - start to run testcase:oe_test_freeradius_freeradius_radiusd.
Thu Apr  6 22:17:12 2023 - INFO  - The case exit by code 0.
Thu Apr  6 22:17:13 2023 - INFO  - End to run testcase:oe_test_freeradius_freeradius_radiusd.
Thu Apr  6 22:17:14 2023 - INFO  - A total of 1 use cases were executed, with 1 successes and 0 failures.
Thu Apr  6 22:17:19 2023 - INFO  - start to run testcase:oe_test_freeradius_freeradius_radiusdAndRadmin.
Thu Apr  6 22:24:54 2023 - INFO  - The case exit by code 0.
Thu Apr  6 22:24:55 2023 - INFO  - End to run testcase:oe_test_freeradius_freeradius_radiusdAndRadmin.
Thu Apr  6 22:24:56 2023 - INFO  - A total of 1 use cases were executed, with 1 successes and 0 failures.
Thu Apr  6 22:25:00 2023 - INFO  - start to run testcase:oe_test_freeradius_freeradius-utils_radclient.
Thu Apr  6 22:29:34 2023 - INFO  - The case exit by code 0.
Thu Apr  6 22:29:35 2023 - INFO  - End to run testcase:oe_test_freeradius_freeradius-utils_radclient.
Thu Apr  6 22:29:36 2023 - INFO  - A total of 1 use cases were executed, with 1 successes and 0 failures.
Thu Apr  6 22:29:41 2023 - INFO  - start to run testcase:oe_test_freeradius_freeradius-utils_radclient2.
pgrep: pattern that searches for process name longer than 15 characters will result in zero matches
Try `pgrep -f' option to match against the complete command line.
Thu Apr  6 22:59:44 2023 - WARN  - The case execution timeout.
Thu Apr  6 22:59:44 2023 - ERROR - The case exit by code 143.
Thu Apr  6 22:59:46 2023 - INFO  - End to run testcase:oe_test_freeradius_freeradius-utils_radclient2.
Thu Apr  6 22:59:46 2023 - INFO  - A total of 1 use cases were executed, with 0 successes and 1 failures.
Thu Apr  6 22:59:52 2023 - INFO  - start to run testcase:oe_test_freeradius_freeradius-utils_rad_counter.
Thu Apr  6 23:07:11 2023 - ERROR - The case exit by code 6.
Thu Apr  6 23:07:12 2023 - INFO  - End to run testcase:oe_test_freeradius_freeradius-utils_rad_counter.
Thu Apr  6 23:07:13 2023 - INFO  - A total of 1 use cases were executed, with 0 successes and 1 failures.
Thu Apr  6 23:07:18 2023 - INFO  - start to run testcase:oe_test_freeradius_freeradius-utils_radcryptAndRadeapclient.
Thu Apr  6 23:09:10 2023 - ERROR - The case exit by code 1.
Thu Apr  6 23:09:11 2023 - INFO  - End to run testcase:oe_test_freeradius_freeradius-utils_radcryptAndRadeapclient.
Thu Apr  6 23:09:12 2023 - INFO  - A total of 1 use cases were executed, with 0 successes and 1 failures.
Thu Apr  6 23:09:17 2023 - INFO  - start to run testcase:oe_test_freeradius_freeradius-utils_radeapclient.
Thu Apr  6 23:23:35 2023 - ERROR - The case exit by code 1.
Thu Apr  6 23:23:36 2023 - INFO  - End to run testcase:oe_test_freeradius_freeradius-utils_radeapclient.
Thu Apr  6 23:23:37 2023 - INFO  - A total of 1 use cases were executed, with 0 successes and 1 failures.
Thu Apr  6 23:23:42 2023 - INFO  - start to run testcase:oe_test_freeradius_freeradius-utils_radlast.
Thu Apr  6 23:38:07 2023 - ERROR - The case exit by code 1.
Thu Apr  6 23:38:08 2023 - INFO  - End to run testcase:oe_test_freeradius_freeradius-utils_radlast.
Thu Apr  6 23:38:09 2023 - INFO  - A total of 1 use cases were executed, with 0 successes and 1 failures.
Thu Apr  6 23:38:14 2023 - INFO  - start to run testcase:oe_test_freeradius_freeradius-utils_radlastAndRadsniff.
Thu Apr  6 23:53:43 2023 - INFO  - The case exit by code 0.
Thu Apr  6 23:53:44 2023 - INFO  - End to run testcase:oe_test_freeradius_freeradius-utils_radlastAndRadsniff.
Thu Apr  6 23:53:45 2023 - INFO  - A total of 1 use cases were executed, with 1 successes and 0 failures.
Thu Apr  6 23:53:50 2023 - INFO  - start to run testcase:oe_test_freeradius_freeradius-utils_radsniff.
pgrep: pattern that searches for process name longer than 15 characters will result in zero matches
Try `pgrep -f' option to match against the complete command line.
Fri Apr  7 00:23:52 2023 - WARN  - The case execution timeout.
Fri Apr  7 00:23:53 2023 - ERROR - The case exit by code 143.
Fri Apr  7 00:23:54 2023 - INFO  - End to run testcase:oe_test_freeradius_freeradius-utils_radsniff.
Fri Apr  7 00:23:55 2023 - INFO  - A total of 1 use cases were executed, with 0 successes and 1 failures.
Fri Apr  7 00:24:00 2023 - INFO  - start to run testcase:oe_test_freeradius_freeradius-utils_radsniff2.
Fri Apr  7 00:24:35 2023 - ERROR - The case exit by code 1.
Fri Apr  7 00:24:36 2023 - INFO  - End to run testcase:oe_test_freeradius_freeradius-utils_radsniff2.
Fri Apr  7 00:24:37 2023 - INFO  - A total of 1 use cases were executed, with 0 successes and 1 failures.
Fri Apr  7 00:24:42 2023 - INFO  - start to run testcase:oe_test_freeradius_freeradius-utils_radsqlrelay.
Fri Apr  7 00:25:26 2023 - ERROR - The case exit by code 3.
Fri Apr  7 00:25:27 2023 - INFO  - End to run testcase:oe_test_freeradius_freeradius-utils_radsqlrelay.
Fri Apr  7 00:25:28 2023 - INFO  - A total of 1 use cases were executed, with 0 successes and 1 failures.
Fri Apr  7 00:25:34 2023 - INFO  - start to run testcase:oe_test_freeradius_freeradius-utils_radtestAndRadwho.
Fri Apr  7 00:27:56 2023 - ERROR - The case exit by code 8.
Fri Apr  7 00:27:57 2023 - INFO  - End to run testcase:oe_test_freeradius_freeradius-utils_radtestAndRadwho.
Fri Apr  7 00:27:58 2023 - INFO  - A total of 1 use cases were executed, with 0 successes and 1 failures.
Fri Apr  7 00:28:03 2023 - INFO  - start to run testcase:oe_test_freeradius_freeradius-utils_radwho.
Fri Apr  7 00:28:48 2023 - ERROR - The case exit by code 8.
Fri Apr  7 00:28:49 2023 - INFO  - End to run testcase:oe_test_freeradius_freeradius-utils_radwho.
Fri Apr  7 00:28:50 2023 - INFO  - A total of 1 use cases were executed, with 0 successes and 1 failures.
Fri Apr  7 00:28:55 2023 - INFO  - start to run testcase:oe_test_freeradius_freeradius-utils_radzap.
Fri Apr  7 00:30:23 2023 - ERROR - The case exit by code 6.
Fri Apr  7 00:30:24 2023 - INFO  - End to run testcase:oe_test_freeradius_freeradius-utils_radzap.
Fri Apr  7 00:30:25 2023 - INFO  - A total of 1 use cases were executed, with 0 successes and 1 failures.
Fri Apr  7 00:30:30 2023 - INFO  - start to run testcase:oe_test_freeradius_freeradius-utils_rlm_ippool_toolAndSmbencrypt.
Fri Apr  7 00:31:11 2023 - ERROR - The case exit by code 6.
Fri Apr  7 00:31:12 2023 - INFO  - End to run testcase:oe_test_freeradius_freeradius-utils_rlm_ippool_toolAndSmbencrypt.
Fri Apr  7 00:31:13 2023 - INFO  - A total of 1 use cases were executed, with 0 successes and 1 failures.
Fri Apr  7 00:31:18 2023 - INFO  - start to run testcase:oe_test_service_radiusd.
Fri Apr  7 00:32:42 2023 - ERROR - The case exit by code 8.
Fri Apr  7 00:32:43 2023 - INFO  - End to run testcase:oe_test_service_radiusd.
Fri Apr  7 00:32:44 2023 - INFO  - A total of 1 use cases were executed, with 0 successes and 1 failures.
