Wed Apr  5 10:14:21 2023 - INFO  - start to run testcase:oe_test_service_rbdmap.
Wed Apr  5 10:19:33 2023 - INFO  - The case exit by code 0.
Wed Apr  5 10:19:34 2023 - INFO  - End to run testcase:oe_test_service_rbdmap.
Wed Apr  5 10:19:35 2023 - INFO  - A total of 1 use cases were executed, with 1 successes and 0 failures.
Wed Apr  5 10:19:42 2023 - INFO  - start to run testcase:oe_test_target_ceph-fuse.
Wed Apr  5 10:22:50 2023 - INFO  - The case exit by code 0.
Wed Apr  5 10:22:52 2023 - INFO  - End to run testcase:oe_test_target_ceph-fuse.
Wed Apr  5 10:22:53 2023 - INFO  - A total of 1 use cases were executed, with 1 successes and 0 failures.
Wed Apr  5 10:23:02 2023 - INFO  - start to run testcase:oe_test_target_ceph-mds.
Wed Apr  5 10:31:16 2023 - INFO  - The case exit by code 0.
Wed Apr  5 10:31:17 2023 - INFO  - End to run testcase:oe_test_target_ceph-mds.
Wed Apr  5 10:31:18 2023 - INFO  - A total of 1 use cases were executed, with 1 successes and 0 failures.
Wed Apr  5 10:31:25 2023 - INFO  - start to run testcase:oe_test_target_ceph-mgr.
Wed Apr  5 10:52:00 2023 - INFO  - The case exit by code 0.
Wed Apr  5 10:52:01 2023 - INFO  - End to run testcase:oe_test_target_ceph-mgr.
Wed Apr  5 10:52:02 2023 - INFO  - A total of 1 use cases were executed, with 1 successes and 0 failures.
Wed Apr  5 10:52:08 2023 - INFO  - start to run testcase:oe_test_target_ceph-mon.
Wed Apr  5 10:59:34 2023 - INFO  - The case exit by code 0.
Wed Apr  5 10:59:35 2023 - INFO  - End to run testcase:oe_test_target_ceph-mon.
Wed Apr  5 10:59:36 2023 - INFO  - A total of 1 use cases were executed, with 1 successes and 0 failures.
Wed Apr  5 10:59:41 2023 - INFO  - start to run testcase:oe_test_target_ceph-osd.
Wed Apr  5 11:07:24 2023 - INFO  - The case exit by code 0.
Wed Apr  5 11:07:25 2023 - INFO  - End to run testcase:oe_test_target_ceph-osd.
Wed Apr  5 11:07:27 2023 - INFO  - A total of 1 use cases were executed, with 1 successes and 0 failures.
Wed Apr  5 11:07:32 2023 - INFO  - start to run testcase:oe_test_target_ceph-radosgw.
Wed Apr  5 11:15:00 2023 - INFO  - The case exit by code 0.
Wed Apr  5 11:15:01 2023 - INFO  - End to run testcase:oe_test_target_ceph-radosgw.
Wed Apr  5 11:15:02 2023 - INFO  - A total of 1 use cases were executed, with 1 successes and 0 failures.
Wed Apr  5 11:15:07 2023 - INFO  - start to run testcase:oe_test_target_ceph-rbd-mirror.
Wed Apr  5 11:22:37 2023 - INFO  - The case exit by code 0.
Wed Apr  5 11:22:38 2023 - INFO  - End to run testcase:oe_test_target_ceph-rbd-mirror.
Wed Apr  5 11:22:40 2023 - INFO  - A total of 1 use cases were executed, with 1 successes and 0 failures.
Wed Apr  5 11:22:45 2023 - INFO  - start to run testcase:oe_test_target_ceph.
Wed Apr  5 11:30:00 2023 - INFO  - The case exit by code 0.
Wed Apr  5 11:30:01 2023 - INFO  - End to run testcase:oe_test_target_ceph.
Wed Apr  5 11:30:02 2023 - INFO  - A total of 1 use cases were executed, with 1 successes and 0 failures.
