Wed Apr  5 16:45:43 2023 - INFO  - start to run testcase:oe_test_discount_markdown_01.
Wed Apr  5 16:47:08 2023 - INFO  - The case exit by code 0.
Wed Apr  5 16:47:09 2023 - INFO  - End to run testcase:oe_test_discount_markdown_01.
Wed Apr  5 16:47:10 2023 - INFO  - A total of 1 use cases were executed, with 1 successes and 0 failures.
Wed Apr  5 16:47:15 2023 - INFO  - start to run testcase:oe_test_discount_markdown_02.
Wed Apr  5 16:48:32 2023 - INFO  - The case exit by code 0.
Wed Apr  5 16:48:33 2023 - INFO  - End to run testcase:oe_test_discount_markdown_02.
Wed Apr  5 16:48:34 2023 - INFO  - A total of 1 use cases were executed, with 1 successes and 0 failures.
Wed Apr  5 16:48:39 2023 - INFO  - start to run testcase:oe_test_discount-makepage_01.
Wed Apr  5 16:50:00 2023 - INFO  - The case exit by code 0.
Wed Apr  5 16:50:01 2023 - INFO  - End to run testcase:oe_test_discount-makepage_01.
Wed Apr  5 16:50:02 2023 - INFO  - A total of 1 use cases were executed, with 1 successes and 0 failures.
Wed Apr  5 16:50:07 2023 - INFO  - start to run testcase:oe_test_discount-mkd2html_01.
Wed Apr  5 16:51:25 2023 - INFO  - The case exit by code 0.
Wed Apr  5 16:51:26 2023 - INFO  - End to run testcase:oe_test_discount-mkd2html_01.
Wed Apr  5 16:51:27 2023 - INFO  - A total of 1 use cases were executed, with 1 successes and 0 failures.
Wed Apr  5 16:51:32 2023 - INFO  - start to run testcase:oe_test_discount-theme_01.
Wed Apr  5 16:52:53 2023 - INFO  - The case exit by code 0.
Wed Apr  5 16:52:54 2023 - INFO  - End to run testcase:oe_test_discount-theme_01.
Wed Apr  5 16:52:54 2023 - INFO  - A total of 1 use cases were executed, with 1 successes and 0 failures.
