Wed Apr  5 12:00:11 2023 - INFO  - start to run testcase:oe_test_ccmake.
Wed Apr  5 12:02:48 2023 - ERROR - The case exit by code 12.
Wed Apr  5 12:02:49 2023 - INFO  - End to run testcase:oe_test_ccmake.
Wed Apr  5 12:02:50 2023 - INFO  - A total of 1 use cases were executed, with 0 successes and 1 failures.
Wed Apr  5 12:02:56 2023 - INFO  - start to run testcase:oe_test_ccmake3.
Wed Apr  5 12:05:27 2023 - ERROR - The case exit by code 12.
Wed Apr  5 12:05:28 2023 - INFO  - End to run testcase:oe_test_ccmake3.
Wed Apr  5 12:05:29 2023 - INFO  - A total of 1 use cases were executed, with 0 successes and 1 failures.
Wed Apr  5 12:05:35 2023 - INFO  - start to run testcase:oe_test_cmake.
Wed Apr  5 12:09:48 2023 - INFO  - The case exit by code 0.
Wed Apr  5 12:09:49 2023 - INFO  - End to run testcase:oe_test_cmake.
Wed Apr  5 12:09:50 2023 - INFO  - A total of 1 use cases were executed, with 1 successes and 0 failures.
Wed Apr  5 12:09:55 2023 - INFO  - start to run testcase:oe_test_cmake3.
Wed Apr  5 12:14:08 2023 - INFO  - The case exit by code 0.
Wed Apr  5 12:14:09 2023 - INFO  - End to run testcase:oe_test_cmake3.
Wed Apr  5 12:14:10 2023 - INFO  - A total of 1 use cases were executed, with 1 successes and 0 failures.
Wed Apr  5 12:14:15 2023 - INFO  - start to run testcase:oe_test_cpack.
Wed Apr  5 12:17:22 2023 - INFO  - The case exit by code 0.
Wed Apr  5 12:17:23 2023 - INFO  - End to run testcase:oe_test_cpack.
Wed Apr  5 12:17:24 2023 - INFO  - A total of 1 use cases were executed, with 1 successes and 0 failures.
Wed Apr  5 12:17:29 2023 - INFO  - start to run testcase:oe_test_cpack3.
Wed Apr  5 12:20:33 2023 - INFO  - The case exit by code 0.
Wed Apr  5 12:20:34 2023 - INFO  - End to run testcase:oe_test_cpack3.
Wed Apr  5 12:20:35 2023 - INFO  - A total of 1 use cases were executed, with 1 successes and 0 failures.
Wed Apr  5 12:20:41 2023 - INFO  - start to run testcase:oe_test_ctest.
Wed Apr  5 12:23:19 2023 - INFO  - The case exit by code 0.
Wed Apr  5 12:23:20 2023 - INFO  - End to run testcase:oe_test_ctest.
Wed Apr  5 12:23:21 2023 - INFO  - A total of 1 use cases were executed, with 1 successes and 0 failures.
Wed Apr  5 12:23:26 2023 - INFO  - start to run testcase:oe_test_ctest3.
Wed Apr  5 12:26:07 2023 - INFO  - The case exit by code 0.
Wed Apr  5 12:26:08 2023 - INFO  - End to run testcase:oe_test_ctest3.
Wed Apr  5 12:26:09 2023 - INFO  - A total of 1 use cases were executed, with 1 successes and 0 failures.
