Wed Apr  5 22:27:40 2023 - INFO  - start to run testcase:oe_test_fftw_fftw-wisdom-to-conf.
Wed Apr  5 22:29:12 2023 - ERROR - The case exit by code 1.
Wed Apr  5 22:29:13 2023 - INFO  - End to run testcase:oe_test_fftw_fftw-wisdom-to-conf.
Wed Apr  5 22:29:14 2023 - INFO  - A total of 1 use cases were executed, with 0 successes and 1 failures.
Wed Apr  5 22:29:19 2023 - INFO  - start to run testcase:oe_test_fftw_fftw-wisdom_01.
Wed Apr  5 22:30:47 2023 - INFO  - The case exit by code 0.
Wed Apr  5 22:30:48 2023 - INFO  - End to run testcase:oe_test_fftw_fftw-wisdom_01.
Wed Apr  5 22:30:49 2023 - INFO  - A total of 1 use cases were executed, with 1 successes and 0 failures.
Wed Apr  5 22:30:54 2023 - INFO  - start to run testcase:oe_test_fftw_fftw-wisdom_02.
Wed Apr  5 22:32:25 2023 - ERROR - The case exit by code 3.
Wed Apr  5 22:32:26 2023 - INFO  - End to run testcase:oe_test_fftw_fftw-wisdom_02.
Wed Apr  5 22:32:27 2023 - INFO  - A total of 1 use cases were executed, with 0 successes and 1 failures.
Wed Apr  5 22:32:32 2023 - INFO  - start to run testcase:oe_test_fftw_fftw-wisdom_03.
Wed Apr  5 22:33:56 2023 - INFO  - The case exit by code 0.
Wed Apr  5 22:33:57 2023 - INFO  - End to run testcase:oe_test_fftw_fftw-wisdom_03.
Wed Apr  5 22:33:58 2023 - INFO  - A total of 1 use cases were executed, with 1 successes and 0 failures.
Wed Apr  5 22:34:02 2023 - INFO  - start to run testcase:oe_test_fftw_fftwf-wisdom_01.
Wed Apr  5 22:35:31 2023 - INFO  - The case exit by code 0.
Wed Apr  5 22:35:32 2023 - INFO  - End to run testcase:oe_test_fftw_fftwf-wisdom_01.
Wed Apr  5 22:35:32 2023 - INFO  - A total of 1 use cases were executed, with 1 successes and 0 failures.
Wed Apr  5 22:35:37 2023 - INFO  - start to run testcase:oe_test_fftw_fftwf-wisdom_02.
Wed Apr  5 22:37:07 2023 - ERROR - The case exit by code 3.
Wed Apr  5 22:37:08 2023 - INFO  - End to run testcase:oe_test_fftw_fftwf-wisdom_02.
Wed Apr  5 22:37:09 2023 - INFO  - A total of 1 use cases were executed, with 0 successes and 1 failures.
Wed Apr  5 22:37:14 2023 - INFO  - start to run testcase:oe_test_fftw_fftwf-wisdom_03.
Wed Apr  5 22:38:37 2023 - INFO  - The case exit by code 0.
Wed Apr  5 22:38:38 2023 - INFO  - End to run testcase:oe_test_fftw_fftwf-wisdom_03.
Wed Apr  5 22:38:39 2023 - INFO  - A total of 1 use cases were executed, with 1 successes and 0 failures.
Wed Apr  5 22:38:44 2023 - INFO  - start to run testcase:oe_test_fftw_fftwl-wisdom_01.
Wed Apr  5 22:40:13 2023 - INFO  - The case exit by code 0.
Wed Apr  5 22:40:14 2023 - INFO  - End to run testcase:oe_test_fftw_fftwl-wisdom_01.
Wed Apr  5 22:40:15 2023 - INFO  - A total of 1 use cases were executed, with 1 successes and 0 failures.
Wed Apr  5 22:40:19 2023 - INFO  - start to run testcase:oe_test_fftw_fftwl-wisdom_02.
Wed Apr  5 22:41:49 2023 - ERROR - The case exit by code 3.
Wed Apr  5 22:41:50 2023 - INFO  - End to run testcase:oe_test_fftw_fftwl-wisdom_02.
Wed Apr  5 22:41:51 2023 - INFO  - A total of 1 use cases were executed, with 0 successes and 1 failures.
Wed Apr  5 22:41:56 2023 - INFO  - start to run testcase:oe_test_fftw_fftwl-wisdom_03.
Wed Apr  5 22:43:19 2023 - INFO  - The case exit by code 0.
Wed Apr  5 22:43:20 2023 - INFO  - End to run testcase:oe_test_fftw_fftwl-wisdom_03.
Wed Apr  5 22:43:21 2023 - INFO  - A total of 1 use cases were executed, with 1 successes and 0 failures.
