Wed Apr  5 09:01:45 2023 - INFO  - start to run testcase:oe_test_audit_monitor_file_access.
pgrep: pattern that searches for process name longer than 15 characters will result in zero matches
Try `pgrep -f' option to match against the complete command line.
Wed Apr  5 09:31:49 2023 - WARN  - The case execution timeout.
Wed Apr  5 09:31:50 2023 - ERROR - The case exit by code 143.
Wed Apr  5 09:31:51 2023 - INFO  - End to run testcase:oe_test_audit_monitor_file_access.
Wed Apr  5 09:31:52 2023 - INFO  - A total of 1 use cases were executed, with 0 successes and 1 failures.
Wed Apr  5 09:31:59 2023 - INFO  - start to run testcase:oe_test_audit_monitor_dictionary_access.
Wed Apr  5 09:32:29 2023 - ERROR - The case exit by code 4.
Wed Apr  5 09:32:30 2023 - INFO  - End to run testcase:oe_test_audit_monitor_dictionary_access.
Wed Apr  5 09:32:32 2023 - INFO  - A total of 1 use cases were executed, with 0 successes and 1 failures.
Wed Apr  5 09:32:38 2023 - INFO  - start to run testcase:oe_test_audit_monitor_system_use.
Wed Apr  5 09:33:11 2023 - ERROR - The case exit by code 4.
Wed Apr  5 09:33:12 2023 - INFO  - End to run testcase:oe_test_audit_monitor_system_use.
Wed Apr  5 09:33:14 2023 - INFO  - A total of 1 use cases were executed, with 0 successes and 1 failures.
Wed Apr  5 09:33:21 2023 - INFO  - start to run testcase:oe_test_audit_monitor_do_command.
Wed Apr  5 09:33:53 2023 - ERROR - The case exit by code 4.
Wed Apr  5 09:33:55 2023 - INFO  - End to run testcase:oe_test_audit_monitor_do_command.
Wed Apr  5 09:33:56 2023 - INFO  - A total of 1 use cases were executed, with 0 successes and 1 failures.
Wed Apr  5 09:34:03 2023 - INFO  - start to run testcase:oe_test_audit_monitor_security_event.
Wed Apr  5 09:34:39 2023 - INFO  - The case exit by code 0.
Wed Apr  5 09:34:40 2023 - INFO  - End to run testcase:oe_test_audit_monitor_security_event.
Wed Apr  5 09:34:41 2023 - INFO  - A total of 1 use cases were executed, with 1 successes and 0 failures.
Wed Apr  5 09:34:48 2023 - INFO  - start to run testcase:oe_test_audit_monitor_network_visit.
Wed Apr  5 09:35:11 2023 - ERROR - The case exit by code 2.
Wed Apr  5 09:35:13 2023 - INFO  - End to run testcase:oe_test_audit_monitor_network_visit.
Wed Apr  5 09:35:14 2023 - INFO  - A total of 1 use cases were executed, with 0 successes and 1 failures.
Wed Apr  5 09:35:21 2023 - INFO  - start to run testcase:oe_test_audit_track_designated_access.
Wed Apr  5 09:35:37 2023 - ERROR - The case exit by code 2.
Wed Apr  5 09:35:38 2023 - INFO  - End to run testcase:oe_test_audit_track_designated_access.
Wed Apr  5 09:35:40 2023 - INFO  - A total of 1 use cases were executed, with 0 successes and 1 failures.
Wed Apr  5 09:35:48 2023 - INFO  - start to run testcase:oe_test_audit_use_d_audit.
Wed Apr  5 09:36:09 2023 - ERROR - The case exit by code 4.
Wed Apr  5 09:36:10 2023 - INFO  - End to run testcase:oe_test_audit_use_d_audit.
Wed Apr  5 09:36:11 2023 - INFO  - A total of 1 use cases were executed, with 0 successes and 1 failures.
Wed Apr  5 09:36:18 2023 - INFO  - start to run testcase:oe_test_audit_use_w_audit.
Wed Apr  5 09:36:37 2023 - ERROR - The case exit by code 3.
Wed Apr  5 09:36:38 2023 - INFO  - End to run testcase:oe_test_audit_use_w_audit.
Wed Apr  5 09:36:39 2023 - INFO  - A total of 1 use cases were executed, with 0 successes and 1 failures.
Wed Apr  5 09:36:47 2023 - INFO  - start to run testcase:oe_test_audit_rule_contact_strategy.
Wed Apr  5 09:37:38 2023 - ERROR - The case exit by code 5.
Wed Apr  5 09:37:39 2023 - INFO  - End to run testcase:oe_test_audit_rule_contact_strategy.
Wed Apr  5 09:37:40 2023 - INFO  - A total of 1 use cases were executed, with 0 successes and 1 failures.
Wed Apr  5 09:37:46 2023 - INFO  - start to run testcase:oe_test_audit_rule_conflict_strategy.
Wed Apr  5 09:38:24 2023 - ERROR - The case exit by code 6.
Wed Apr  5 09:38:26 2023 - INFO  - End to run testcase:oe_test_audit_rule_conflict_strategy.
Wed Apr  5 09:38:27 2023 - INFO  - A total of 1 use cases were executed, with 0 successes and 1 failures.
Wed Apr  5 09:38:34 2023 - INFO  - start to run testcase:oe_test_audit_rule_fetch_from_rule.
Wed Apr  5 09:38:54 2023 - ERROR - The case exit by code 2.
Wed Apr  5 09:38:55 2023 - INFO  - End to run testcase:oe_test_audit_rule_fetch_from_rule.
Wed Apr  5 09:38:56 2023 - INFO  - A total of 1 use cases were executed, with 0 successes and 1 failures.
Wed Apr  5 09:39:03 2023 - INFO  - start to run testcase:oe_test_audit_fetch_file_in_order.
Wed Apr  5 09:41:02 2023 - ERROR - The case exit by code 3.
Wed Apr  5 09:41:03 2023 - INFO  - End to run testcase:oe_test_audit_fetch_file_in_order.
Wed Apr  5 09:41:04 2023 - INFO  - A total of 1 use cases were executed, with 0 successes and 1 failures.
Wed Apr  5 09:41:11 2023 - INFO  - start to run testcase:oe_test_audit_count_time.
Wed Apr  5 09:41:24 2023 - ERROR - The case exit by code 1.
Wed Apr  5 09:41:26 2023 - INFO  - End to run testcase:oe_test_audit_count_time.
Wed Apr  5 09:41:28 2023 - INFO  - A total of 1 use cases were executed, with 0 successes and 1 failures.
Wed Apr  5 09:41:35 2023 - INFO  - start to run testcase:oe_test_audit_count_number_of_event.
Wed Apr  5 09:41:50 2023 - ERROR - The case exit by code 2.
Wed Apr  5 09:41:52 2023 - INFO  - End to run testcase:oe_test_audit_count_number_of_event.
Wed Apr  5 09:41:53 2023 - INFO  - A total of 1 use cases were executed, with 0 successes and 1 failures.
Wed Apr  5 09:42:00 2023 - INFO  - start to run testcase:oe_test_audit_show_event_list.
Wed Apr  5 09:42:14 2023 - ERROR - The case exit by code 1.
Wed Apr  5 09:42:15 2023 - INFO  - End to run testcase:oe_test_audit_show_event_list.
Wed Apr  5 09:42:16 2023 - INFO  - A total of 1 use cases were executed, with 0 successes and 1 failures.
Wed Apr  5 09:42:24 2023 - INFO  - start to run testcase:oe_test_audit_user_build_connection.
Wed Apr  5 09:44:21 2023 - ERROR - The case exit by code 2.
Wed Apr  5 09:44:22 2023 - INFO  - End to run testcase:oe_test_audit_user_build_connection.
Wed Apr  5 09:44:23 2023 - INFO  - A total of 1 use cases were executed, with 0 successes and 1 failures.
Wed Apr  5 09:44:30 2023 - INFO  - start to run testcase:oe_test_audit_max_log_file_rotate.
Wed Apr  5 09:46:15 2023 - ERROR - The case exit by code 1.
Wed Apr  5 09:46:16 2023 - INFO  - End to run testcase:oe_test_audit_max_log_file_rotate.
Wed Apr  5 09:46:17 2023 - INFO  - A total of 1 use cases were executed, with 0 successes and 1 failures.
Wed Apr  5 09:46:24 2023 - INFO  - start to run testcase:oe_test_audit_max_log_file_ignore.
Wed Apr  5 10:02:17 2023 - ERROR - The case exit by code 1.
Wed Apr  5 10:02:19 2023 - INFO  - End to run testcase:oe_test_audit_max_log_file_ignore.
Wed Apr  5 10:02:20 2023 - INFO  - A total of 1 use cases were executed, with 0 successes and 1 failures.
Wed Apr  5 10:02:27 2023 - INFO  - start to run testcase:oe_test_audit_max_log_file_syslog.
Wed Apr  5 10:04:50 2023 - ERROR - The case exit by code 4.
Wed Apr  5 10:04:51 2023 - INFO  - End to run testcase:oe_test_audit_max_log_file_syslog.
Wed Apr  5 10:04:53 2023 - INFO  - A total of 1 use cases were executed, with 0 successes and 1 failures.
Wed Apr  5 10:05:00 2023 - INFO  - start to run testcase:oe_test_audit_max_log_file_suspend.
Wed Apr  5 10:07:17 2023 - ERROR - The case exit by code 3.
Wed Apr  5 10:07:18 2023 - INFO  - End to run testcase:oe_test_audit_max_log_file_suspend.
Wed Apr  5 10:07:20 2023 - INFO  - A total of 1 use cases were executed, with 0 successes and 1 failures.
Wed Apr  5 10:07:29 2023 - INFO  - start to run testcase:oe_test_audit_max_log_file_keep_logs.
Wed Apr  5 10:09:18 2023 - ERROR - The case exit by code 1.
Wed Apr  5 10:09:20 2023 - INFO  - End to run testcase:oe_test_audit_max_log_file_keep_logs.
Wed Apr  5 10:09:21 2023 - INFO  - A total of 1 use cases were executed, with 0 successes and 1 failures.
Wed Apr  5 10:09:27 2023 - INFO  - start to run testcase:oe_test_audit_available_disk_space.
Wed Apr  5 10:16:26 2023 - ERROR - The case exit by code 35.
Wed Apr  5 10:16:28 2023 - INFO  - End to run testcase:oe_test_audit_available_disk_space.
Wed Apr  5 10:16:29 2023 - INFO  - A total of 1 use cases were executed, with 0 successes and 1 failures.
Wed Apr  5 10:16:36 2023 - INFO  - start to run testcase:oe_test_inject_time_fault.
Wed Apr  5 10:18:53 2023 - ERROR - The case exit by code 1.
Wed Apr  5 10:18:54 2023 - INFO  - End to run testcase:oe_test_inject_time_fault.
Wed Apr  5 10:18:55 2023 - INFO  - A total of 1 use cases were executed, with 0 successes and 1 failures.
Wed Apr  5 10:19:01 2023 - INFO  - start to run testcase:oe_test_service_auditd.
Wed Apr  5 10:20:00 2023 - ERROR - The case exit by code 8.
Wed Apr  5 10:20:01 2023 - INFO  - End to run testcase:oe_test_service_auditd.
Wed Apr  5 10:20:02 2023 - INFO  - A total of 1 use cases were executed, with 0 successes and 1 failures.
Wed Apr  5 10:20:09 2023 - INFO  - start to run testcase:oe_test_audit_event_log.
Wed Apr  5 10:20:27 2023 - ERROR - The case exit by code 2.
Wed Apr  5 10:20:28 2023 - INFO  - End to run testcase:oe_test_audit_event_log.
Wed Apr  5 10:20:29 2023 - INFO  - A total of 1 use cases were executed, with 0 successes and 1 failures.
Wed Apr  5 10:20:37 2023 - INFO  - start to run testcase:oe_test_audit_other.
Wed Apr  5 10:21:07 2023 - ERROR - The case exit by code 8.
Wed Apr  5 10:21:09 2023 - INFO  - End to run testcase:oe_test_audit_other.
Wed Apr  5 10:21:10 2023 - INFO  - A total of 1 use cases were executed, with 0 successes and 1 failures.
Wed Apr  5 10:21:18 2023 - INFO  - start to run testcase:oe_test_start_audit.
Wed Apr  5 10:21:40 2023 - ERROR - The case exit by code 4.
Wed Apr  5 10:21:41 2023 - INFO  - End to run testcase:oe_test_start_audit.
Wed Apr  5 10:21:43 2023 - INFO  - A total of 1 use cases were executed, with 0 successes and 1 failures.
Wed Apr  5 10:21:49 2023 - INFO  - start to run testcase:oe_test_audit_ausearch.
Wed Apr  5 10:22:22 2023 - ERROR - The case exit by code 6.
Wed Apr  5 10:22:23 2023 - INFO  - End to run testcase:oe_test_audit_ausearch.
Wed Apr  5 10:22:24 2023 - INFO  - A total of 1 use cases were executed, with 0 successes and 1 failures.
