Wed Apr  5 11:32:22 2023 - INFO  - start to run testcase:oe_test_service_cloud-config.
Wed Apr  5 11:37:40 2023 - INFO  - The case exit by code 0.
Wed Apr  5 11:37:41 2023 - INFO  - End to run testcase:oe_test_service_cloud-config.
Wed Apr  5 11:37:42 2023 - INFO  - A total of 1 use cases were executed, with 1 successes and 0 failures.
Wed Apr  5 11:37:48 2023 - INFO  - start to run testcase:oe_test_service_cloud-final.
Wed Apr  5 11:42:27 2023 - INFO  - The case exit by code 0.
Wed Apr  5 11:42:28 2023 - INFO  - End to run testcase:oe_test_service_cloud-final.
Wed Apr  5 11:42:29 2023 - INFO  - A total of 1 use cases were executed, with 1 successes and 0 failures.
Wed Apr  5 11:42:35 2023 - INFO  - start to run testcase:oe_test_service_cloud-init-local.
Wed Apr  5 11:46:38 2023 - INFO  - The case exit by code 0.
Wed Apr  5 11:46:39 2023 - INFO  - End to run testcase:oe_test_service_cloud-init-local.
Wed Apr  5 11:46:40 2023 - INFO  - A total of 1 use cases were executed, with 1 successes and 0 failures.
Wed Apr  5 11:46:46 2023 - INFO  - start to run testcase:oe_test_service_cloud-init.
Wed Apr  5 11:51:10 2023 - INFO  - The case exit by code 0.
Wed Apr  5 11:51:11 2023 - INFO  - End to run testcase:oe_test_service_cloud-init.
Wed Apr  5 11:51:12 2023 - INFO  - A total of 1 use cases were executed, with 1 successes and 0 failures.
Wed Apr  5 11:51:18 2023 - INFO  - start to run testcase:oe_test_target_cloud-config.
Wed Apr  5 11:54:27 2023 - INFO  - The case exit by code 0.
Wed Apr  5 11:54:28 2023 - INFO  - End to run testcase:oe_test_target_cloud-config.
Wed Apr  5 11:54:29 2023 - INFO  - A total of 1 use cases were executed, with 1 successes and 0 failures.
Wed Apr  5 11:54:35 2023 - INFO  - start to run testcase:oe_test_target_cloud-init.
Wed Apr  5 11:57:46 2023 - INFO  - The case exit by code 0.
Wed Apr  5 11:57:47 2023 - INFO  - End to run testcase:oe_test_target_cloud-init.
Wed Apr  5 11:57:48 2023 - INFO  - A total of 1 use cases were executed, with 1 successes and 0 failures.
