Wed Apr  5 21:41:33 2023 - INFO  - start to run testcase:oe_test_fakechroot_env_01.
Wed Apr  5 21:43:01 2023 - INFO  - The case exit by code 0.
Wed Apr  5 21:43:02 2023 - INFO  - End to run testcase:oe_test_fakechroot_env_01.
Wed Apr  5 21:43:03 2023 - INFO  - A total of 1 use cases were executed, with 1 successes and 0 failures.
Wed Apr  5 21:43:07 2023 - INFO  - start to run testcase:oe_test_fakechroot_env_02.
Wed Apr  5 21:44:32 2023 - INFO  - The case exit by code 0.
Wed Apr  5 21:44:32 2023 - INFO  - End to run testcase:oe_test_fakechroot_env_02.
Wed Apr  5 21:44:33 2023 - INFO  - A total of 1 use cases were executed, with 1 successes and 0 failures.
Wed Apr  5 21:44:38 2023 - INFO  - start to run testcase:oe_test_fakechroot_base_01.
Wed Apr  5 21:46:08 2023 - INFO  - The case exit by code 0.
Wed Apr  5 21:46:09 2023 - INFO  - End to run testcase:oe_test_fakechroot_base_01.
Wed Apr  5 21:46:10 2023 - INFO  - A total of 1 use cases were executed, with 1 successes and 0 failures.
Wed Apr  5 21:46:15 2023 - INFO  - start to run testcase:oe_test_fakechroot_base_02.
Wed Apr  5 21:47:47 2023 - INFO  - The case exit by code 0.
Wed Apr  5 21:47:48 2023 - INFO  - End to run testcase:oe_test_fakechroot_base_02.
Wed Apr  5 21:47:49 2023 - INFO  - A total of 1 use cases were executed, with 1 successes and 0 failures.
Wed Apr  5 21:47:56 2023 - INFO  - start to run testcase:oe_test_fakechroot_chroot.
Wed Apr  5 21:51:04 2023 - INFO  - The case exit by code 0.
Wed Apr  5 21:51:07 2023 - INFO  - End to run testcase:oe_test_fakechroot_chroot.
Wed Apr  5 21:51:10 2023 - INFO  - A total of 1 use cases were executed, with 1 successes and 0 failures.
