Wed Apr  5 16:32:39 2023 - INFO  - start to run testcase:oe_test_service_dhcpd6.
Wed Apr  5 16:33:25 2023 - ERROR - The case exit by code 7.
Wed Apr  5 16:33:26 2023 - INFO  - End to run testcase:oe_test_service_dhcpd6.
Wed Apr  5 16:33:26 2023 - INFO  - A total of 1 use cases were executed, with 0 successes and 1 failures.
Wed Apr  5 16:33:32 2023 - INFO  - start to run testcase:oe_test_service_dhcpd.
Wed Apr  5 16:34:17 2023 - ERROR - The case exit by code 7.
Wed Apr  5 16:34:18 2023 - INFO  - End to run testcase:oe_test_service_dhcpd.
Wed Apr  5 16:34:19 2023 - INFO  - A total of 1 use cases were executed, with 0 successes and 1 failures.
Wed Apr  5 16:34:24 2023 - INFO  - start to run testcase:oe_test_service_dhcrelay.
Wed Apr  5 16:35:08 2023 - ERROR - The case exit by code 7.
Wed Apr  5 16:35:09 2023 - INFO  - End to run testcase:oe_test_service_dhcrelay.
Wed Apr  5 16:35:10 2023 - INFO  - A total of 1 use cases were executed, with 0 successes and 1 failures.
Wed Apr  5 16:35:15 2023 - INFO  - start to run testcase:oe_test_allocate_ipv4_addresses_dhcpd.
Wed Apr  5 16:37:10 2023 - INFO  - The case exit by code 0.
Wed Apr  5 16:37:11 2023 - INFO  - End to run testcase:oe_test_allocate_ipv4_addresses_dhcpd.
Wed Apr  5 16:37:12 2023 - INFO  - A total of 1 use cases were executed, with 1 successes and 0 failures.
Wed Apr  5 16:37:17 2023 - INFO  - start to run testcase:oe_test_allocate_ipv6_addresses_dhcpd.
Wed Apr  5 16:39:05 2023 - INFO  - The case exit by code 0.
Wed Apr  5 16:39:06 2023 - INFO  - End to run testcase:oe_test_allocate_ipv6_addresses_dhcpd.
Wed Apr  5 16:39:07 2023 - INFO  - A total of 1 use cases were executed, with 1 successes and 0 failures.
