Wed Apr  5 07:46:22 2023 - INFO  - start to run testcase:oe_test_service_acpid.
Wed Apr  5 07:49:05 2023 - INFO  - The case exit by code 0.
Wed Apr  5 07:49:06 2023 - INFO  - End to run testcase:oe_test_service_acpid.
Wed Apr  5 07:49:07 2023 - INFO  - A total of 1 use cases were executed, with 1 successes and 0 failures.
Wed Apr  5 07:49:14 2023 - INFO  - start to run testcase:oe_test_socket_acpid.
Wed Apr  5 07:51:47 2023 - INFO  - The case exit by code 0.
Wed Apr  5 07:51:49 2023 - INFO  - End to run testcase:oe_test_socket_acpid.
Wed Apr  5 07:51:50 2023 - INFO  - A total of 1 use cases were executed, with 1 successes and 0 failures.
Wed Apr  5 07:51:57 2023 - INFO  - start to run testcase:oe_test_acpid_01.
Wed Apr  5 07:54:10 2023 - INFO  - The case exit by code 0.
Wed Apr  5 07:54:11 2023 - INFO  - End to run testcase:oe_test_acpid_01.
Wed Apr  5 07:54:13 2023 - INFO  - A total of 1 use cases were executed, with 1 successes and 0 failures.
Wed Apr  5 07:54:21 2023 - INFO  - start to run testcase:oe_test_acpid_02.
Wed Apr  5 07:56:41 2023 - INFO  - The case exit by code 0.
Wed Apr  5 07:56:43 2023 - INFO  - End to run testcase:oe_test_acpid_02.
Wed Apr  5 07:56:44 2023 - INFO  - A total of 1 use cases were executed, with 1 successes and 0 failures.
Wed Apr  5 07:56:50 2023 - INFO  - start to run testcase:oe_test_acpid_03.
Wed Apr  5 07:58:46 2023 - INFO  - The case exit by code 0.
Wed Apr  5 07:58:47 2023 - INFO  - End to run testcase:oe_test_acpid_03.
Wed Apr  5 07:58:48 2023 - INFO  - A total of 1 use cases were executed, with 1 successes and 0 failures.
