Wed Apr  5 09:26:12 2023 - INFO  - start to run testcase:oe_test_autoconf213_autoconf-2.13.
Wed Apr  5 09:27:51 2023 - INFO  - The case exit by code 0.
Wed Apr  5 09:27:53 2023 - INFO  - End to run testcase:oe_test_autoconf213_autoconf-2.13.
Wed Apr  5 09:27:54 2023 - INFO  - A total of 1 use cases were executed, with 1 successes and 0 failures.
Wed Apr  5 09:28:00 2023 - INFO  - start to run testcase:oe_test_autoconf213_autoheader-2.13.
Wed Apr  5 09:29:32 2023 - INFO  - The case exit by code 0.
Wed Apr  5 09:29:34 2023 - INFO  - End to run testcase:oe_test_autoconf213_autoheader-2.13.
Wed Apr  5 09:29:35 2023 - INFO  - A total of 1 use cases were executed, with 1 successes and 0 failures.
Wed Apr  5 09:29:41 2023 - INFO  - start to run testcase:oe_test_autoconf213_autoreconf-2.13_01.
Wed Apr  5 09:31:16 2023 - INFO  - The case exit by code 0.
Wed Apr  5 09:31:18 2023 - INFO  - End to run testcase:oe_test_autoconf213_autoreconf-2.13_01.
Wed Apr  5 09:31:18 2023 - INFO  - A total of 1 use cases were executed, with 1 successes and 0 failures.
Wed Apr  5 09:31:24 2023 - INFO  - start to run testcase:oe_test_autoconf213_autoreconf-2.13_02.
Wed Apr  5 09:33:10 2023 - INFO  - The case exit by code 0.
Wed Apr  5 09:33:11 2023 - INFO  - End to run testcase:oe_test_autoconf213_autoreconf-2.13_02.
Wed Apr  5 09:33:12 2023 - INFO  - A total of 1 use cases were executed, with 1 successes and 0 failures.
Wed Apr  5 09:33:19 2023 - INFO  - start to run testcase:oe_test_autoconf213_autoreconf-2.13_03.
Wed Apr  5 09:35:05 2023 - INFO  - The case exit by code 0.
Wed Apr  5 09:35:06 2023 - INFO  - End to run testcase:oe_test_autoconf213_autoreconf-2.13_03.
Wed Apr  5 09:35:08 2023 - INFO  - A total of 1 use cases were executed, with 1 successes and 0 failures.
Wed Apr  5 09:35:15 2023 - INFO  - start to run testcase:oe_test_autoconf213_autoreconf-2.13_04.
Wed Apr  5 09:37:04 2023 - INFO  - The case exit by code 0.
Wed Apr  5 09:37:05 2023 - INFO  - End to run testcase:oe_test_autoconf213_autoreconf-2.13_04.
Wed Apr  5 09:37:06 2023 - INFO  - A total of 1 use cases were executed, with 1 successes and 0 failures.
Wed Apr  5 09:37:13 2023 - INFO  - start to run testcase:oe_test_autoconf213_autoreconf-2.13_05.
Wed Apr  5 09:39:01 2023 - INFO  - The case exit by code 0.
Wed Apr  5 09:39:03 2023 - INFO  - End to run testcase:oe_test_autoconf213_autoreconf-2.13_05.
Wed Apr  5 09:39:04 2023 - INFO  - A total of 1 use cases were executed, with 1 successes and 0 failures.
Wed Apr  5 09:39:10 2023 - INFO  - start to run testcase:oe_test_autoconf213_autoreconf-2.13_06.
Wed Apr  5 09:41:00 2023 - INFO  - The case exit by code 0.
Wed Apr  5 09:41:01 2023 - INFO  - End to run testcase:oe_test_autoconf213_autoreconf-2.13_06.
Wed Apr  5 09:41:02 2023 - INFO  - A total of 1 use cases were executed, with 1 successes and 0 failures.
Wed Apr  5 09:41:09 2023 - INFO  - start to run testcase:oe_test_autoconf213_autoupdate-2.13.
Wed Apr  5 09:42:56 2023 - INFO  - The case exit by code 0.
Wed Apr  5 09:42:57 2023 - INFO  - End to run testcase:oe_test_autoconf213_autoupdate-2.13.
Wed Apr  5 09:42:58 2023 - INFO  - A total of 1 use cases were executed, with 1 successes and 0 failures.
Wed Apr  5 09:43:04 2023 - INFO  - start to run testcase:oe_test_autoconf213_ifnames-2.13.
Wed Apr  5 09:44:44 2023 - INFO  - The case exit by code 0.
Wed Apr  5 09:44:45 2023 - INFO  - End to run testcase:oe_test_autoconf213_ifnames-2.13.
Wed Apr  5 09:44:46 2023 - INFO  - A total of 1 use cases were executed, with 1 successes and 0 failures.
