Wed Apr  5 12:28:32 2023 - INFO  - start to run testcase:oe_test_cobbler_distro.
Wed Apr  5 12:35:12 2023 - ERROR - The case exit by code 9.
Wed Apr  5 12:35:13 2023 - INFO  - End to run testcase:oe_test_cobbler_distro.
Wed Apr  5 12:35:14 2023 - INFO  - A total of 1 use cases were executed, with 0 successes and 1 failures.
Wed Apr  5 12:35:20 2023 - INFO  - start to run testcase:oe_test_cobbler_profile.
Wed Apr  5 12:41:13 2023 - ERROR - The case exit by code 7.
Wed Apr  5 12:41:14 2023 - INFO  - End to run testcase:oe_test_cobbler_profile.
Wed Apr  5 12:41:15 2023 - INFO  - A total of 1 use cases were executed, with 0 successes and 1 failures.
Wed Apr  5 12:41:21 2023 - INFO  - start to run testcase:oe_test_cobbler_system.
Wed Apr  5 12:47:56 2023 - ERROR - The case exit by code 7.
Wed Apr  5 12:47:57 2023 - INFO  - End to run testcase:oe_test_cobbler_system.
Wed Apr  5 12:47:58 2023 - INFO  - A total of 1 use cases were executed, with 0 successes and 1 failures.
Wed Apr  5 12:48:03 2023 - INFO  - start to run testcase:oe_test_cobbler_repo.
Wed Apr  5 12:53:25 2023 - ERROR - The case exit by code 8.
Wed Apr  5 12:53:26 2023 - INFO  - End to run testcase:oe_test_cobbler_repo.
Wed Apr  5 12:53:27 2023 - INFO  - A total of 1 use cases were executed, with 0 successes and 1 failures.
Wed Apr  5 12:53:33 2023 - INFO  - start to run testcase:oe_test_cobbler_image.
Wed Apr  5 12:58:56 2023 - ERROR - The case exit by code 7.
Wed Apr  5 12:58:57 2023 - INFO  - End to run testcase:oe_test_cobbler_image.
Wed Apr  5 12:58:58 2023 - INFO  - A total of 1 use cases were executed, with 0 successes and 1 failures.
Wed Apr  5 12:59:04 2023 - INFO  - start to run testcase:oe_test_cobbler_mgmtclass.
Wed Apr  5 13:04:18 2023 - ERROR - The case exit by code 7.
Wed Apr  5 13:04:19 2023 - INFO  - End to run testcase:oe_test_cobbler_mgmtclass.
Wed Apr  5 13:04:20 2023 - INFO  - A total of 1 use cases were executed, with 0 successes and 1 failures.
Wed Apr  5 13:04:25 2023 - INFO  - start to run testcase:oe_test_cobbler_package.
Wed Apr  5 13:09:38 2023 - ERROR - The case exit by code 7.
Wed Apr  5 13:09:39 2023 - INFO  - End to run testcase:oe_test_cobbler_package.
Wed Apr  5 13:09:40 2023 - INFO  - A total of 1 use cases were executed, with 0 successes and 1 failures.
Wed Apr  5 13:09:45 2023 - INFO  - start to run testcase:oe_test_cobbler_file.
Wed Apr  5 13:15:33 2023 - ERROR - The case exit by code 8.
Wed Apr  5 13:15:34 2023 - INFO  - End to run testcase:oe_test_cobbler_file.
Wed Apr  5 13:15:35 2023 - INFO  - A total of 1 use cases were executed, with 0 successes and 1 failures.
Wed Apr  5 13:15:41 2023 - INFO  - start to run testcase:oe_test_cobbler_other.
Wed Apr  5 13:22:09 2023 - ERROR - The case exit by code 2.
Wed Apr  5 13:22:10 2023 - INFO  - End to run testcase:oe_test_cobbler_other.
Wed Apr  5 13:22:11 2023 - INFO  - A total of 1 use cases were executed, with 0 successes and 1 failures.
