Wed Apr  5 10:23:28 2023 - INFO  - start to run testcase:oe_test_service_clamav-clamonacc.
Wed Apr  5 10:31:18 2023 - ERROR - The case exit by code 4.
Wed Apr  5 10:31:19 2023 - INFO  - End to run testcase:oe_test_service_clamav-clamonacc.
Wed Apr  5 10:31:20 2023 - INFO  - A total of 1 use cases were executed, with 0 successes and 1 failures.
Wed Apr  5 10:31:27 2023 - INFO  - start to run testcase:oe_test_service_clamav-milter.
Wed Apr  5 10:38:36 2023 - INFO  - The case exit by code 0.
Wed Apr  5 10:38:37 2023 - INFO  - End to run testcase:oe_test_service_clamav-milter.
Wed Apr  5 10:38:39 2023 - INFO  - A total of 1 use cases were executed, with 1 successes and 0 failures.
Wed Apr  5 10:38:45 2023 - INFO  - start to run testcase:oe_test_clamav_clamav-milter.
Wed Apr  5 10:44:41 2023 - INFO  - The case exit by code 0.
Wed Apr  5 10:44:42 2023 - INFO  - End to run testcase:oe_test_clamav_clamav-milter.
Wed Apr  5 10:44:44 2023 - INFO  - A total of 1 use cases were executed, with 1 successes and 0 failures.
Wed Apr  5 10:44:49 2023 - INFO  - start to run testcase:oe_test_clamav_clambc.
Wed Apr  5 10:50:29 2023 - INFO  - The case exit by code 0.
Wed Apr  5 10:50:30 2023 - INFO  - End to run testcase:oe_test_clamav_clambc.
Wed Apr  5 10:50:31 2023 - INFO  - A total of 1 use cases were executed, with 1 successes and 0 failures.
Wed Apr  5 10:50:36 2023 - INFO  - start to run testcase:oe_test_clamav_clamconf.
Wed Apr  5 10:56:20 2023 - INFO  - The case exit by code 0.
Wed Apr  5 10:56:21 2023 - INFO  - End to run testcase:oe_test_clamav_clamconf.
Wed Apr  5 10:56:22 2023 - INFO  - A total of 1 use cases were executed, with 1 successes and 0 failures.
Wed Apr  5 10:56:28 2023 - INFO  - start to run testcase:oe_test_clamav_clamdscan_scan.
Wed Apr  5 11:05:52 2023 - INFO  - The case exit by code 0.
Wed Apr  5 11:05:53 2023 - INFO  - End to run testcase:oe_test_clamav_clamdscan_scan.
Wed Apr  5 11:05:54 2023 - INFO  - A total of 1 use cases were executed, with 1 successes and 0 failures.
Wed Apr  5 11:06:00 2023 - INFO  - start to run testcase:oe_test_clamav_clamdscan_service.
Wed Apr  5 11:15:24 2023 - INFO  - The case exit by code 0.
Wed Apr  5 11:15:25 2023 - INFO  - End to run testcase:oe_test_clamav_clamdscan_service.
Wed Apr  5 11:15:26 2023 - INFO  - A total of 1 use cases were executed, with 1 successes and 0 failures.
Wed Apr  5 11:15:32 2023 - INFO  - start to run testcase:oe_test_clamav_clamdtop.
Wed Apr  5 11:25:04 2023 - ERROR - The case exit by code 1.
Wed Apr  5 11:25:05 2023 - INFO  - End to run testcase:oe_test_clamav_clamdtop.
Wed Apr  5 11:25:06 2023 - INFO  - A total of 1 use cases were executed, with 0 successes and 1 failures.
Wed Apr  5 11:25:12 2023 - INFO  - start to run testcase:oe_test_clamav_clamonacc.
Wed Apr  5 11:35:19 2023 - ERROR - The case exit by code 13.
Wed Apr  5 11:35:20 2023 - INFO  - End to run testcase:oe_test_clamav_clamonacc.
Wed Apr  5 11:35:21 2023 - INFO  - A total of 1 use cases were executed, with 0 successes and 1 failures.
Wed Apr  5 11:35:26 2023 - INFO  - start to run testcase:oe_test_clamav_clamscan_1.
pgrep: pattern that searches for process name longer than 15 characters will result in zero matches
Try `pgrep -f' option to match against the complete command line.
Wed Apr  5 12:05:29 2023 - WARN  - The case execution timeout.
Wed Apr  5 12:05:31 2023 - ERROR - The case exit by code 143.
Wed Apr  5 12:05:32 2023 - INFO  - End to run testcase:oe_test_clamav_clamscan_1.
Wed Apr  5 12:05:33 2023 - INFO  - A total of 1 use cases were executed, with 0 successes and 1 failures.
Wed Apr  5 12:05:39 2023 - INFO  - start to run testcase:oe_test_clamav_clamscan_2.
Wed Apr  5 12:11:04 2023 - ERROR - The case exit by code 27.
Wed Apr  5 12:11:06 2023 - INFO  - End to run testcase:oe_test_clamav_clamscan_2.
Wed Apr  5 12:11:07 2023 - INFO  - A total of 1 use cases were executed, with 0 successes and 1 failures.
Wed Apr  5 12:11:13 2023 - INFO  - start to run testcase:oe_test_clamav_clamscan_3.
pgrep: pattern that searches for process name longer than 15 characters will result in zero matches
Try `pgrep -f' option to match against the complete command line.
Wed Apr  5 12:41:16 2023 - WARN  - The case execution timeout.
Wed Apr  5 12:41:17 2023 - ERROR - The case exit by code 143.
Wed Apr  5 12:41:18 2023 - INFO  - End to run testcase:oe_test_clamav_clamscan_3.
Wed Apr  5 12:41:19 2023 - INFO  - A total of 1 use cases were executed, with 0 successes and 1 failures.
Wed Apr  5 12:41:26 2023 - INFO  - start to run testcase:oe_test_clamav_clamsubmit.
Wed Apr  5 12:43:33 2023 - ERROR - The case exit by code 10.
Wed Apr  5 12:43:34 2023 - INFO  - End to run testcase:oe_test_clamav_clamsubmit.
Wed Apr  5 12:43:35 2023 - INFO  - A total of 1 use cases were executed, with 0 successes and 1 failures.
Wed Apr  5 12:43:41 2023 - INFO  - start to run testcase:oe_test_clamav_freshclam.
Wed Apr  5 13:13:33 2023 - INFO  - The case exit by code 0.
Wed Apr  5 13:13:34 2023 - INFO  - End to run testcase:oe_test_clamav_freshclam.
Wed Apr  5 13:13:35 2023 - INFO  - A total of 1 use cases were executed, with 1 successes and 0 failures.
Wed Apr  5 13:13:41 2023 - INFO  - start to run testcase:oe_test_clamav_sigtool_1.
Wed Apr  5 13:23:28 2023 - INFO  - The case exit by code 0.
Wed Apr  5 13:23:29 2023 - INFO  - End to run testcase:oe_test_clamav_sigtool_1.
Wed Apr  5 13:23:30 2023 - INFO  - A total of 1 use cases were executed, with 1 successes and 0 failures.
Wed Apr  5 13:23:35 2023 - INFO  - start to run testcase:oe_test_clamav_sigtool_2.
Wed Apr  5 13:29:34 2023 - INFO  - The case exit by code 0.
Wed Apr  5 13:29:35 2023 - INFO  - End to run testcase:oe_test_clamav_sigtool_2.
Wed Apr  5 13:29:36 2023 - INFO  - A total of 1 use cases were executed, with 1 successes and 0 failures.
