Wed Apr  5 17:39:10 2023 - INFO  - start to run testcase:oe_test_docbook2X_db2x_manxml.
Wed Apr  5 17:41:13 2023 - INFO  - The case exit by code 0.
Wed Apr  5 17:41:14 2023 - INFO  - End to run testcase:oe_test_docbook2X_db2x_manxml.
Wed Apr  5 17:41:15 2023 - INFO  - A total of 1 use cases were executed, with 1 successes and 0 failures.
Wed Apr  5 17:41:19 2023 - INFO  - start to run testcase:oe_test_docbook2X_db2x_texixml.
Wed Apr  5 17:43:13 2023 - INFO  - The case exit by code 0.
Wed Apr  5 17:43:14 2023 - INFO  - End to run testcase:oe_test_docbook2X_db2x_texixml.
Wed Apr  5 17:43:15 2023 - INFO  - A total of 1 use cases were executed, with 1 successes and 0 failures.
Wed Apr  5 17:43:20 2023 - INFO  - start to run testcase:oe_test_docbook2X_db2x_xsltproc.
Wed Apr  5 17:45:05 2023 - INFO  - The case exit by code 0.
Wed Apr  5 17:45:06 2023 - INFO  - End to run testcase:oe_test_docbook2X_db2x_xsltproc.
Wed Apr  5 17:45:07 2023 - INFO  - A total of 1 use cases were executed, with 1 successes and 0 failures.
Wed Apr  5 17:45:12 2023 - INFO  - start to run testcase:oe_test_docbook2X_sgml2xml-isoent_01.
Wed Apr  5 17:46:55 2023 - INFO  - The case exit by code 0.
Wed Apr  5 17:46:56 2023 - INFO  - End to run testcase:oe_test_docbook2X_sgml2xml-isoent_01.
Wed Apr  5 17:46:57 2023 - INFO  - A total of 1 use cases were executed, with 1 successes and 0 failures.
Wed Apr  5 17:47:02 2023 - INFO  - start to run testcase:oe_test_docbook2X_sgml2xml-isoent_02.
Wed Apr  5 17:48:41 2023 - INFO  - The case exit by code 0.
Wed Apr  5 17:48:42 2023 - INFO  - End to run testcase:oe_test_docbook2X_sgml2xml-isoent_02.
Wed Apr  5 17:48:43 2023 - INFO  - A total of 1 use cases were executed, with 1 successes and 0 failures.
Wed Apr  5 17:48:48 2023 - INFO  - start to run testcase:oe_test_docbook2X_sgml2xml-isoent_03.
Wed Apr  5 17:50:29 2023 - INFO  - The case exit by code 0.
Wed Apr  5 17:50:30 2023 - INFO  - End to run testcase:oe_test_docbook2X_sgml2xml-isoent_03.
Wed Apr  5 17:50:31 2023 - INFO  - A total of 1 use cases were executed, with 1 successes and 0 failures.
Wed Apr  5 17:50:36 2023 - INFO  - start to run testcase:oe_test_docbook2X_sgml2xml-isoent_04.
Wed Apr  5 17:52:14 2023 - INFO  - The case exit by code 0.
Wed Apr  5 17:52:15 2023 - INFO  - End to run testcase:oe_test_docbook2X_sgml2xml-isoent_04.
Wed Apr  5 17:52:16 2023 - INFO  - A total of 1 use cases were executed, with 1 successes and 0 failures.
Wed Apr  5 17:52:21 2023 - INFO  - start to run testcase:oe_test_docbook2X_utf8trans.
Wed Apr  5 17:53:58 2023 - INFO  - The case exit by code 0.
Wed Apr  5 17:53:59 2023 - INFO  - End to run testcase:oe_test_docbook2X_utf8trans.
Wed Apr  5 17:54:00 2023 - INFO  - A total of 1 use cases were executed, with 1 successes and 0 failures.
Wed Apr  5 17:54:05 2023 - INFO  - start to run testcase:oe_test_docbook2X_db2x_docbook2man.
Wed Apr  5 17:56:07 2023 - INFO  - The case exit by code 0.
Wed Apr  5 17:56:08 2023 - INFO  - End to run testcase:oe_test_docbook2X_db2x_docbook2man.
Wed Apr  5 17:56:09 2023 - INFO  - A total of 1 use cases were executed, with 1 successes and 0 failures.
Wed Apr  5 17:56:14 2023 - INFO  - start to run testcase:oe_test_docbook2X_db2x_docbook2texi_01.
Wed Apr  5 17:58:15 2023 - INFO  - The case exit by code 0.
Wed Apr  5 17:58:16 2023 - INFO  - End to run testcase:oe_test_docbook2X_db2x_docbook2texi_01.
Wed Apr  5 17:58:17 2023 - INFO  - A total of 1 use cases were executed, with 1 successes and 0 failures.
Wed Apr  5 17:58:22 2023 - INFO  - start to run testcase:oe_test_docbook2X_db2x_docbook2texi_02.
Wed Apr  5 18:00:22 2023 - INFO  - The case exit by code 0.
Wed Apr  5 18:00:23 2023 - INFO  - End to run testcase:oe_test_docbook2X_db2x_docbook2texi_02.
Wed Apr  5 18:00:24 2023 - INFO  - A total of 1 use cases were executed, with 1 successes and 0 failures.
